<?xml version="1.0" encoding="UTF-8"?>
<testng-results skipped="0" failed="0" ignored="0" total="1" passed="1">
  <reporter-output>
  </reporter-output>
  <suite name="Suite" duration-ms="10331" started-at="2020-08-20T07:45:09Z" finished-at="2020-08-20T07:45:20Z">
    <groups>
    </groups>
    <test name="Test" duration-ms="10331" started-at="2020-08-20T07:45:09Z" finished-at="2020-08-20T07:45:20Z">
      <class name="com.TestCases.RedBus_TC_001">
        <test-method status="PASS" signature="extentReport()[pri:0, instance:com.TestCases.RedBus_TC_001@2b546384]" name="extentReport" is-config="true" duration-ms="121" started-at="2020-08-20T07:45:09Z" finished-at="2020-08-20T07:45:09Z">
          <reporter-output>
          </reporter-output>
        </test-method> <!-- extentReport -->
        <test-method status="PASS" signature="preConfig()[pri:0, instance:com.TestCases.RedBus_TC_001@2b546384]" name="preConfig" is-config="true" duration-ms="8509" started-at="2020-08-20T07:45:09Z" finished-at="2020-08-20T07:45:18Z">
          <reporter-output>
          </reporter-output>
        </test-method> <!-- preConfig -->
        <test-method status="PASS" signature="bookABus()[pri:0, instance:com.TestCases.RedBus_TC_001@2b546384]" name="bookABus" duration-ms="1057" started-at="2020-08-20T07:45:18Z" finished-at="2020-08-20T07:45:19Z">
          <reporter-output>
          </reporter-output>
        </test-method> <!-- bookABus -->
        <test-method status="PASS" signature="postConfig()[pri:0, instance:com.TestCases.RedBus_TC_001@2b546384]" name="postConfig" is-config="true" duration-ms="733" started-at="2020-08-20T07:45:19Z" finished-at="2020-08-20T07:45:20Z">
          <reporter-output>
          </reporter-output>
        </test-method> <!-- postConfig -->
        <test-method status="PASS" signature="tearDown()[pri:0, instance:com.TestCases.RedBus_TC_001@2b546384]" name="tearDown" is-config="true" duration-ms="0" started-at="2020-08-20T07:45:20Z" finished-at="2020-08-20T07:45:20Z">
          <reporter-output>
          </reporter-output>
        </test-method> <!-- tearDown -->
      </class> <!-- com.TestCases.RedBus_TC_001 -->
    </test> <!-- Test -->
  </suite> <!-- Suite -->
</testng-results>
