<?xml version="1.0" encoding="UTF-8"?>
<testng-results skipped="0" failed="0" ignored="0" total="1" passed="1">
  <reporter-output>
  </reporter-output>
  <suite name="Default suite" duration-ms="11456" started-at="2020-08-20T10:58:33Z" finished-at="2020-08-20T10:58:44Z">
    <groups>
    </groups>
    <test name="Default test" duration-ms="11456" started-at="2020-08-20T10:58:33Z" finished-at="2020-08-20T10:58:44Z">
      <class name="com.TestCases.RedBus_TC_001">
        <test-method status="PASS" signature="extentReport()[pri:0, instance:com.TestCases.RedBus_TC_001@163e4e87]" name="extentReport" is-config="true" duration-ms="120" started-at="2020-08-20T10:58:33Z" finished-at="2020-08-20T10:58:33Z">
          <reporter-output>
          </reporter-output>
        </test-method> <!-- extentReport -->
        <test-method status="PASS" signature="preConfig()[pri:0, instance:com.TestCases.RedBus_TC_001@163e4e87]" name="preConfig" is-config="true" duration-ms="8533" started-at="2020-08-20T10:58:33Z" finished-at="2020-08-20T10:58:41Z">
          <reporter-output>
          </reporter-output>
        </test-method> <!-- preConfig -->
        <test-method status="PASS" signature="bookABus()[pri:0, instance:com.TestCases.RedBus_TC_001@163e4e87]" name="bookABus" duration-ms="2882" started-at="2020-08-20T10:58:41Z" finished-at="2020-08-20T10:58:44Z">
          <reporter-output>
          </reporter-output>
        </test-method> <!-- bookABus -->
        <test-method status="PASS" signature="result(org.testng.ITestResult)[pri:0, instance:com.TestCases.RedBus_TC_001@163e4e87]" name="result" is-config="true" duration-ms="8" started-at="2020-08-20T10:58:44Z" finished-at="2020-08-20T10:58:44Z">
          <params>
            <param index="0">
              <value>
                <![CDATA[[TestResult name=bookABus status=SUCCESS method=RedBus_TC_001.bookABus()[pri:0, instance:com.TestCases.RedBus_TC_001@163e4e87] output={null}]]]>
              </value>
            </param>
          </params>
          <reporter-output>
          </reporter-output>
        </test-method> <!-- result -->
        <test-method status="PASS" signature="tearDown()[pri:0, instance:com.TestCases.RedBus_TC_001@163e4e87]" name="tearDown" is-config="true" duration-ms="856" started-at="2020-08-20T10:58:44Z" finished-at="2020-08-20T10:58:45Z">
          <reporter-output>
          </reporter-output>
        </test-method> <!-- tearDown -->
      </class> <!-- com.TestCases.RedBus_TC_001 -->
    </test> <!-- Default test -->
  </suite> <!-- Default suite -->
</testng-results>
